[ 2016-06-23T17:11:10+08:00 ] ::1 /index.php?s=/Home/Certimg/detail/id/68442.html
INFO: [ app_init ] --START--
INFO: Run Behavior\BuildLiteBehavior [ RunTime:0.000025s ]
INFO: Run Common\Behavior\InitHookBehavior [ RunTime:0.002770s ]
INFO: [ app_init ] --END-- [ RunTime:0.003328s ]
INFO: [ app_begin ] --START--
INFO: Run Behavior\ReadHtmlCacheBehavior [ RunTime:0.000693s ]
INFO: [ app_begin ] --END-- [ RunTime:0.000808s ]
SQL: SHOW COLUMNS FROM `eh_config` [ RunTime:0.0009s ]
SQL: SELECT `type`,`name`,`value` FROM `eh_config` WHERE `status` = 1  [ RunTime:0.0005s ]
SQL: exec GetCertReport @imgid=68442,@status=1 [ RunTime:0.0028s ]
NOTIC: [8] Undefined variable: type D:\webs\onethink\Application\Home\Controller\CertimgController.class.php 第 42 行.
NOTIC: [8] Undefined variable: type D:\webs\onethink\Application\Home\Controller\CertimgController.class.php 第 47 行.
INFO: [ view_parse ] --START--
INFO: [ template_filter ] --START--
INFO: Run Behavior\ContentReplaceBehavior [ RunTime:0.000133s ]
INFO: [ template_filter ] --END-- [ RunTime:0.000247s ]
SQL: SHOW COLUMNS FROM `eh_channel` [ RunTime:0.0008s ]
SQL: SELECT `id`,`pid`,`title`,`url`,`sort`,`create_time`,`update_time`,`status`,`target` FROM `eh_channel` WHERE ( status=1 ) ORDER BY `sort`  [ RunTime:0.0004s ]
NOTIC: [8] Undefined variable: data D:\webs\onethink\Runtime\Cache\Home\7a38f53489be3463ebc0fba66ea2bb47.php 第 99 行.
NOTIC: [8] Undefined variable: category D:\webs\onethink\Runtime\Cache\Home\7a38f53489be3463ebc0fba66ea2bb47.php 第 129 行.
SQL: SHOW COLUMNS FROM `eh_category` [ RunTime:0.0009s ]
SQL: SELECT `pid` FROM `eh_category` WHERE `name` = null LIMIT 1   [ RunTime:0.0003s ]
SQL: SELECT `id`,`name`,`pid`,`title`,`link_id` FROM `eh_category` WHERE `pid` = null AND `status` = 1 ORDER BY `sort`  [ RunTime:0.0002s ]
INFO: [ view_parse ] --START--
INFO: [ template_filter ] --START--
INFO: Run Behavior\ContentReplaceBehavior [ RunTime:0.000073s ]
INFO: [ template_filter ] --END-- [ RunTime:-0.015755s ]
INFO: Run Behavior\ParseTemplateBehavior [ RunTime:0.007350s ]
INFO: [ view_parse ] --END-- [ RunTime:0.007548s ]
INFO: [ view_filter ] --START--
INFO: Run Behavior\WriteHtmlCacheBehavior [ RunTime:0.000680s ]
INFO: [ view_filter ] --END-- [ RunTime:0.000842s ]
NOTIC: [2] Cannot modify header information - headers already sent by (output started at D:\webs\onethink\Application\Home\Controller\CertimgController.class.php:49) D:\webs\onethink\ThinkPHP\Library\Think\View.class.php 第 103 行.
NOTIC: [2] Cannot modify header information - headers already sent by (output started at D:\webs\onethink\Application\Home\Controller\CertimgController.class.php:49) D:\webs\onethink\ThinkPHP\Library\Think\View.class.php 第 104 行.
NOTIC: [2] Cannot modify header information - headers already sent by (output started at D:\webs\onethink\Application\Home\Controller\CertimgController.class.php:49) D:\webs\onethink\ThinkPHP\Library\Think\View.class.php 第 105 行.
INFO: Run Behavior\ParseTemplateBehavior [ RunTime:0.008911s ]
INFO: [ view_parse ] --END-- [ RunTime:0.007548s ]
INFO: [ view_filter ] --START--
INFO: Run Behavior\WriteHtmlCacheBehavior [ RunTime:0.000029s ]
INFO: [ view_filter ] --END-- [ RunTime:-0.000608s ]
NOTIC: [2] Cannot modify header information - headers already sent by (output started at D:\webs\onethink\Application\Home\Controller\CertimgController.class.php:49) D:\webs\onethink\ThinkPHP\Library\Think\View.class.php 第 103 行.
NOTIC: [2] Cannot modify header information - headers already sent by (output started at D:\webs\onethink\Application\Home\Controller\CertimgController.class.php:49) D:\webs\onethink\ThinkPHP\Library\Think\View.class.php 第 104 行.
NOTIC: [2] Cannot modify header information - headers already sent by (output started at D:\webs\onethink\Application\Home\Controller\CertimgController.class.php:49) D:\webs\onethink\ThinkPHP\Library\Think\View.class.php 第 105 行.
INFO: [ app_end ] --START--
INFO: Run Behavior\ShowPageTraceBehavior [ RunTime:0.001050s ]
INFO: [ app_end ] --END-- [ RunTime:0.001243s ]

[ 2016-06-23T17:12:38+08:00 ] ::1 /index.php?s=/Home/Certimg/detail/id/68442.html
INFO: [ app_init ] --START--
INFO: Run Behavior\BuildLiteBehavior [ RunTime:0.000040s ]
INFO: Run Common\Behavior\InitHookBehavior [ RunTime:0.002555s ]
INFO: [ app_init ] --END-- [ RunTime:0.003111s ]
INFO: [ app_begin ] --START--
INFO: Run Behavior\ReadHtmlCacheBehavior [ RunTime:0.000707s ]
INFO: [ app_begin ] --END-- [ RunTime:0.000833s ]
SQL: SHOW COLUMNS FROM `eh_config` [ RunTime:0.0009s ]
SQL: SELECT `type`,`name`,`value` FROM `eh_config` WHERE `status` = 1  [ RunTime:0.0005s ]
SQL: exec GetCertReport @imgid=68442,@status=1 [ RunTime:0.0030s ]
NOTIC: [8] Undefined variable: type D:\webs\onethink\Application\Home\Controller\CertimgController.class.php 第 42 行.
NOTIC: [8] Undefined variable: type D:\webs\onethink\Application\Home\Controller\CertimgController.class.php 第 47 行.
INFO: [ view_parse ] --START--
INFO: [ template_filter ] --START--
INFO: Run Behavior\ContentReplaceBehavior [ RunTime:0.000357s ]
INFO: [ template_filter ] --END-- [ RunTime:0.001443s ]
SQL: SHOW COLUMNS FROM `eh_channel` [ RunTime:0.0012s ]
SQL: SELECT `id`,`pid`,`title`,`url`,`sort`,`create_time`,`update_time`,`status`,`target` FROM `eh_channel` WHERE ( status=1 ) ORDER BY `sort`  [ RunTime:0.0008s ]
NOTIC: [8] Undefined variable: data D:\webs\onethink\Runtime\Cache\Home\7a38f53489be3463ebc0fba66ea2bb47.php 第 99 行.
NOTIC: [8] Undefined variable: category D:\webs\onethink\Runtime\Cache\Home\7a38f53489be3463ebc0fba66ea2bb47.php 第 129 行.
SQL: SHOW COLUMNS FROM `eh_category` [ RunTime:0.0012s ]
SQL: SELECT `pid` FROM `eh_category` WHERE `name` = null LIMIT 1   [ RunTime:0.0003s ]
SQL: SELECT `id`,`name`,`pid`,`title`,`link_id` FROM `eh_category` WHERE `pid` = null AND `status` = 1 ORDER BY `sort`  [ RunTime:0.0017s ]
INFO: [ view_parse ] --START--
INFO: [ template_filter ] --START--
INFO: Run Behavior\ContentReplaceBehavior [ RunTime:0.000170s ]
INFO: [ template_filter ] --END-- [ RunTime:-0.040636s ]
INFO: Run Behavior\ParseTemplateBehavior [ RunTime:0.009951s ]
INFO: [ view_parse ] --END-- [ RunTime:0.010200s ]
INFO: [ view_filter ] --START--
INFO: Run Behavior\WriteHtmlCacheBehavior [ RunTime:0.001009s ]
INFO: [ view_filter ] --END-- [ RunTime:0.001219s ]
NOTIC: [2] Cannot modify header information - headers already sent by (output started at D:\webs\onethink\Application\Home\Controller\CertimgController.class.php:49) D:\webs\onethink\ThinkPHP\Library\Think\View.class.php 第 103 行.
NOTIC: [2] Cannot modify header information - headers already sent by (output started at D:\webs\onethink\Application\Home\Controller\CertimgController.class.php:49) D:\webs\onethink\ThinkPHP\Library\Think\View.class.php 第 104 行.
NOTIC: [2] Cannot modify header information - headers already sent by (output started at D:\webs\onethink\Application\Home\Controller\CertimgController.class.php:49) D:\webs\onethink\ThinkPHP\Library\Think\View.class.php 第 105 行.
INFO: Run Behavior\ParseTemplateBehavior [ RunTime:0.012033s ]
INFO: [ view_parse ] --END-- [ RunTime:0.010200s ]
INFO: [ view_filter ] --START--
INFO: Run Behavior\WriteHtmlCacheBehavior [ RunTime:0.000049s ]
INFO: [ view_filter ] --END-- [ RunTime:-0.000821s ]
NOTIC: [2] Cannot modify header information - headers already sent by (output started at D:\webs\onethink\Application\Home\Controller\CertimgController.class.php:49) D:\webs\onethink\ThinkPHP\Library\Think\View.class.php 第 103 行.
NOTIC: [2] Cannot modify header information - headers already sent by (output started at D:\webs\onethink\Application\Home\Controller\CertimgController.class.php:49) D:\webs\onethink\ThinkPHP\Library\Think\View.class.php 第 104 行.
NOTIC: [2] Cannot modify header information - headers already sent by (output started at D:\webs\onethink\Application\Home\Controller\CertimgController.class.php:49) D:\webs\onethink\ThinkPHP\Library\Think\View.class.php 第 105 行.
INFO: [ app_end ] --START--
INFO: Run Behavior\ShowPageTraceBehavior [ RunTime:0.003838s ]
INFO: [ app_end ] --END-- [ RunTime:0.004332s ]

[ 2016-06-23T17:15:08+08:00 ] ::1 /index.php?s=/Home/Certimg/detail/id/68442.html
INFO: [ app_init ] --START--
INFO: Run Behavior\BuildLiteBehavior [ RunTime:0.000039s ]
INFO: Run Common\Behavior\InitHookBehavior [ RunTime:0.004429s ]
INFO: [ app_init ] --END-- [ RunTime:0.005036s ]
INFO: [ app_begin ] --START--
INFO: Run Behavior\ReadHtmlCacheBehavior [ RunTime:0.000780s ]
INFO: [ app_begin ] --END-- [ RunTime:0.000924s ]
SQL: SHOW COLUMNS FROM `eh_config` [ RunTime:0.0008s ]
SQL: SELECT `type`,`name`,`value` FROM `eh_config` WHERE `status` = 1  [ RunTime:0.0005s ]
SQL: exec GetCertReport @imgid=68442,@status=1 [ RunTime:0.0028s ]
NOTIC: [8] Undefined variable: type D:\webs\onethink\Application\Home\Controller\CertimgController.class.php 第 42 行.
NOTIC: [8] Undefined variable: xlsData D:\webs\onethink\Application\Home\Controller\CertimgController.class.php 第 49 行.
NOTIC: [8] Undefined variable: status D:\webs\onethink\Application\Home\Controller\CertimgController.class.php 第 52 行.
NOTIC: [8] Undefined variable: fileName D:\webs\onethink\Application\Home\Controller\CertimgController.class.php 第 53 行.
NOTIC: [8] Undefined variable: fileName D:\webs\onethink\Application\Home\Controller\CertimgController.class.php 第 54 行.
NOTIC: [8] Undefined variable: xlsData D:\webs\onethink\Application\Home\Controller\CertimgController.class.php 第 56 行.

[ 2016-06-23T17:15:14+08:00 ] ::1 /index.php?s=/Home/Certimg/detail/id/68442.html
INFO: [ app_init ] --START--
INFO: Run Behavior\BuildLiteBehavior [ RunTime:0.000026s ]
INFO: Run Common\Behavior\InitHookBehavior [ RunTime:0.004365s ]
INFO: [ app_init ] --END-- [ RunTime:0.004977s ]
INFO: [ app_begin ] --START--
INFO: Run Behavior\ReadHtmlCacheBehavior [ RunTime:0.000887s ]
INFO: [ app_begin ] --END-- [ RunTime:0.001108s ]
SQL: SHOW COLUMNS FROM `eh_config` [ RunTime:0.0011s ]
SQL: SELECT `type`,`name`,`value` FROM `eh_config` WHERE `status` = 1  [ RunTime:0.0005s ]
SQL: exec GetCertReport @imgid=68442,@status=1 [ RunTime:0.0031s ]
NOTIC: [8] Undefined variable: type D:\webs\onethink\Application\Home\Controller\CertimgController.class.php 第 42 行.
NOTIC: [8] Undefined variable: xlsData D:\webs\onethink\Application\Home\Controller\CertimgController.class.php 第 49 行.
NOTIC: [8] Undefined variable: status D:\webs\onethink\Application\Home\Controller\CertimgController.class.php 第 52 行.
NOTIC: [8] Undefined variable: fileName D:\webs\onethink\Application\Home\Controller\CertimgController.class.php 第 53 行.
NOTIC: [8] Undefined variable: fileName D:\webs\onethink\Application\Home\Controller\CertimgController.class.php 第 54 行.
NOTIC: [8] Undefined variable: xlsData D:\webs\onethink\Application\Home\Controller\CertimgController.class.php 第 56 行.

[ 2016-06-23T17:15:20+08:00 ] ::1 /index.php?s=/Home/Certimg/detail/id/68442.html
INFO: [ app_init ] --START--
INFO: Run Behavior\BuildLiteBehavior [ RunTime:0.000040s ]
INFO: Run Common\Behavior\InitHookBehavior [ RunTime:0.003501s ]
INFO: [ app_init ] --END-- [ RunTime:0.004353s ]
INFO: [ app_begin ] --START--
INFO: Run Behavior\ReadHtmlCacheBehavior [ RunTime:0.000850s ]
INFO: [ app_begin ] --END-- [ RunTime:0.000998s ]
SQL: SHOW COLUMNS FROM `eh_config` [ RunTime:0.0008s ]
SQL: SELECT `type`,`name`,`value` FROM `eh_config` WHERE `status` = 1  [ RunTime:0.0004s ]
SQL: exec GetCertReport @imgid=68442,@status=1 [ RunTime:0.0030s ]
NOTIC: [8] Undefined variable: type D:\webs\onethink\Application\Home\Controller\CertimgController.class.php 第 42 行.
NOTIC: [8] Undefined variable: xlsData D:\webs\onethink\Application\Home\Controller\CertimgController.class.php 第 49 行.
NOTIC: [8] Undefined variable: status D:\webs\onethink\Application\Home\Controller\CertimgController.class.php 第 52 行.
NOTIC: [8] Undefined variable: fileName D:\webs\onethink\Application\Home\Controller\CertimgController.class.php 第 53 行.
NOTIC: [8] Undefined variable: fileName D:\webs\onethink\Application\Home\Controller\CertimgController.class.php 第 54 行.
NOTIC: [8] Undefined variable: xlsData D:\webs\onethink\Application\Home\Controller\CertimgController.class.php 第 56 行.

[ 2016-06-23T17:15:40+08:00 ] ::1 /index.php?s=/Home/Certimg/detail/id/68442.html
INFO: [ app_init ] --START--
INFO: Run Behavior\BuildLiteBehavior [ RunTime:0.000028s ]
INFO: Run Common\Behavior\InitHookBehavior [ RunTime:0.002474s ]
INFO: [ app_init ] --END-- [ RunTime:0.003198s ]
INFO: [ app_begin ] --START--
INFO: Run Behavior\ReadHtmlCacheBehavior [ RunTime:0.000643s ]
INFO: [ app_begin ] --END-- [ RunTime:0.000787s ]
SQL: SHOW COLUMNS FROM `eh_config` [ RunTime:0.0009s ]
SQL: SELECT `type`,`name`,`value` FROM `eh_config` WHERE `status` = 1  [ RunTime:0.0004s ]
SQL: exec GetCertReport @imgid=68442,@status=1 [ RunTime:0.0031s ]
NOTIC: [8] Undefined variable: type D:\webs\onethink\Application\Home\Controller\CertimgController.class.php 第 42 行.
NOTIC: [8] Undefined variable: status D:\webs\onethink\Application\Home\Controller\CertimgController.class.php 第 52 行.
NOTIC: [8] Undefined variable: fileName D:\webs\onethink\Application\Home\Controller\CertimgController.class.php 第 53 行.
NOTIC: [8] Undefined variable: fileName D:\webs\onethink\Application\Home\Controller\CertimgController.class.php 第 54 行.

[ 2016-06-23T17:17:36+08:00 ] ::1 /index.php?s=/Home/Certimg/detail/id/68442.html
INFO: [ app_init ] --START--
INFO: Run Behavior\BuildLiteBehavior [ RunTime:0.000023s ]
INFO: Run Common\Behavior\InitHookBehavior [ RunTime:0.003835s ]
INFO: [ app_init ] --END-- [ RunTime:0.004654s ]
INFO: [ app_begin ] --START--
INFO: Run Behavior\ReadHtmlCacheBehavior [ RunTime:0.000690s ]
INFO: [ app_begin ] --END-- [ RunTime:0.000812s ]
SQL: SHOW COLUMNS FROM `eh_config` [ RunTime:0.0014s ]
SQL: SELECT `type`,`name`,`value` FROM `eh_config` WHERE `status` = 1  [ RunTime:0.0005s ]
SQL: exec GetCertReport @imgid=68442,@status=1 [ RunTime:0.0029s ]
NOTIC: [8] Undefined variable: type D:\webs\onethink\Application\Home\Controller\CertimgController.class.php 第 42 行.
NOTIC: [8] Undefined variable: status D:\webs\onethink\Application\Home\Controller\CertimgController.class.php 第 52 行.
NOTIC: [8] Undefined variable: fileName D:\webs\onethink\Application\Home\Controller\CertimgController.class.php 第 53 行.
NOTIC: [8] Undefined variable: fileName D:\webs\onethink\Application\Home\Controller\CertimgController.class.php 第 54 行.
INFO: [ view_parse ] --START--
INFO: [ template_filter ] --START--
INFO: Run Behavior\ContentReplaceBehavior [ RunTime:0.000143s ]
INFO: [ template_filter ] --END-- [ RunTime:0.000274s ]
SQL: SHOW COLUMNS FROM `eh_channel` [ RunTime:0.0008s ]
SQL: SELECT `id`,`pid`,`title`,`url`,`sort`,`create_time`,`update_time`,`status`,`target` FROM `eh_channel` WHERE ( status=1 ) ORDER BY `sort`  [ RunTime:0.0004s ]
NOTIC: [8] Undefined variable: category D:\webs\onethink\Runtime\Cache\Home\7a38f53489be3463ebc0fba66ea2bb47.php 第 129 行.
SQL: SHOW COLUMNS FROM `eh_category` [ RunTime:0.0009s ]
SQL: SELECT `pid` FROM `eh_category` WHERE `name` = null LIMIT 1   [ RunTime:0.0002s ]
SQL: SELECT `id`,`name`,`pid`,`title`,`link_id` FROM `eh_category` WHERE `pid` = null AND `status` = 1 ORDER BY `sort`  [ RunTime:0.0002s ]
INFO: [ view_parse ] --START--
INFO: [ template_filter ] --START--
INFO: Run Behavior\ContentReplaceBehavior [ RunTime:0.000070s ]
INFO: [ template_filter ] --END-- [ RunTime:-0.057227s ]
INFO: Run Behavior\ParseTemplateBehavior [ RunTime:0.005506s ]
INFO: [ view_parse ] --END-- [ RunTime:0.005652s ]
INFO: [ view_filter ] --START--
INFO: Run Behavior\WriteHtmlCacheBehavior [ RunTime:0.000713s ]
INFO: [ view_filter ] --END-- [ RunTime:0.000854s ]
INFO: Run Behavior\ParseTemplateBehavior [ RunTime:0.006747s ]
INFO: [ view_parse ] --END-- [ RunTime:0.005652s ]
INFO: [ view_filter ] --START--
INFO: Run Behavior\WriteHtmlCacheBehavior [ RunTime:0.000027s ]
INFO: [ view_filter ] --END-- [ RunTime:-0.000675s ]
INFO: [ app_end ] --START--
INFO: Run Behavior\ShowPageTraceBehavior [ RunTime:0.001600s ]
INFO: [ app_end ] --END-- [ RunTime:0.001846s ]

[ 2016-06-23T17:19:18+08:00 ] ::1 /index.php?s=/Home/Certimg/detail/id/68442.html
INFO: [ app_init ] --START--
INFO: Run Behavior\BuildLiteBehavior [ RunTime:0.000028s ]
INFO: Run Common\Behavior\InitHookBehavior [ RunTime:0.002581s ]
INFO: [ app_init ] --END-- [ RunTime:0.003162s ]
INFO: [ app_begin ] --START--
INFO: Run Behavior\ReadHtmlCacheBehavior [ RunTime:0.001046s ]
INFO: [ app_begin ] --END-- [ RunTime:0.001266s ]
SQL: SHOW COLUMNS FROM `eh_config` [ RunTime:0.0009s ]
SQL: SELECT `type`,`name`,`value` FROM `eh_config` WHERE `status` = 1  [ RunTime:0.0010s ]
SQL: exec GetCertReport @imgid=68442,@status=1 [ RunTime:0.0029s ]
NOTIC: [8] Undefined variable: type D:\webs\onethink\Application\Home\Controller\CertimgController.class.php 第 42 行.
NOTIC: [8] Undefined variable: status D:\webs\onethink\Application\Home\Controller\CertimgController.class.php 第 52 行.
NOTIC: [8] Undefined variable: fileName D:\webs\onethink\Application\Home\Controller\CertimgController.class.php 第 53 行.
NOTIC: [8] Undefined variable: fileName D:\webs\onethink\Application\Home\Controller\CertimgController.class.php 第 54 行.
INFO: [ view_parse ] --START--
INFO: [ template_filter ] --START--
INFO: Run Behavior\ContentReplaceBehavior [ RunTime:0.000130s ]
INFO: [ template_filter ] --END-- [ RunTime:0.000246s ]
SQL: SHOW COLUMNS FROM `eh_channel` [ RunTime:0.0008s ]
SQL: SELECT `id`,`pid`,`title`,`url`,`sort`,`create_time`,`update_time`,`status`,`target` FROM `eh_channel` WHERE ( status=1 ) ORDER BY `sort`  [ RunTime:0.0006s ]
NOTIC: [8] Undefined variable: category D:\webs\onethink\Runtime\Cache\Home\7a38f53489be3463ebc0fba66ea2bb47.php 第 129 行.
SQL: SHOW COLUMNS FROM `eh_category` [ RunTime:0.0009s ]
SQL: SELECT `pid` FROM `eh_category` WHERE `name` = null LIMIT 1   [ RunTime:0.0002s ]
SQL: SELECT `id`,`name`,`pid`,`title`,`link_id` FROM `eh_category` WHERE `pid` = null AND `status` = 1 ORDER BY `sort`  [ RunTime:0.0002s ]
INFO: [ view_parse ] --START--
INFO: [ template_filter ] --START--
INFO: Run Behavior\ContentReplaceBehavior [ RunTime:0.000077s ]
INFO: [ template_filter ] --END-- [ RunTime:-0.054367s ]
INFO: Run Behavior\ParseTemplateBehavior [ RunTime:0.006145s ]
INFO: [ view_parse ] --END-- [ RunTime:0.006290s ]
INFO: [ view_filter ] --START--
INFO: Run Behavior\WriteHtmlCacheBehavior [ RunTime:0.000618s ]
INFO: [ view_filter ] --END-- [ RunTime:0.000726s ]
INFO: Run Behavior\ParseTemplateBehavior [ RunTime:0.007245s ]
INFO: [ view_parse ] --END-- [ RunTime:0.006290s ]
INFO: [ view_filter ] --START--
INFO: Run Behavior\WriteHtmlCacheBehavior [ RunTime:0.000029s ]
INFO: [ view_filter ] --END-- [ RunTime:-0.000677s ]
INFO: [ app_end ] --START--
INFO: Run Behavior\ShowPageTraceBehavior [ RunTime:0.001396s ]
INFO: [ app_end ] --END-- [ RunTime:0.001649s ]

[ 2016-06-23T17:21:18+08:00 ] ::1 /index.php?s=/Home/Certimg/detail/id/68442.html
INFO: [ app_init ] --START--
INFO: Run Behavior\BuildLiteBehavior [ RunTime:0.000025s ]
INFO: Run Common\Behavior\InitHookBehavior [ RunTime:0.003742s ]
INFO: [ app_init ] --END-- [ RunTime:0.004352s ]
INFO: [ app_begin ] --START--
INFO: Run Behavior\ReadHtmlCacheBehavior [ RunTime:0.001083s ]
INFO: [ app_begin ] --END-- [ RunTime:0.001296s ]
SQL: SHOW COLUMNS FROM `eh_config` [ RunTime:0.0010s ]
SQL: SELECT `type`,`name`,`value` FROM `eh_config` WHERE `status` = 1  [ RunTime:0.0005s ]
SQL: exec GetCertReport @imgid=68442,@status=1 [ RunTime:0.0028s ]
NOTIC: [8] Undefined variable: type D:\webs\onethink\Application\Home\Controller\CertimgController.class.php 第 42 行.
NOTIC: [8] Undefined variable: status D:\webs\onethink\Application\Home\Controller\CertimgController.class.php 第 52 行.
NOTIC: [8] Undefined variable: fileName D:\webs\onethink\Application\Home\Controller\CertimgController.class.php 第 53 行.
NOTIC: [8] Undefined variable: fileName D:\webs\onethink\Application\Home\Controller\CertimgController.class.php 第 54 行.
INFO: [ view_parse ] --START--
INFO: [ template_filter ] --START--
INFO: Run Behavior\ContentReplaceBehavior [ RunTime:0.000134s ]
INFO: [ template_filter ] --END-- [ RunTime:0.000253s ]
SQL: SHOW COLUMNS FROM `eh_channel` [ RunTime:0.0007s ]
SQL: SELECT `id`,`pid`,`title`,`url`,`sort`,`create_time`,`update_time`,`status`,`target` FROM `eh_channel` WHERE ( status=1 ) ORDER BY `sort`  [ RunTime:0.0005s ]
NOTIC: [8] Undefined variable: category D:\webs\onethink\Runtime\Cache\Home\7a38f53489be3463ebc0fba66ea2bb47.php 第 129 行.
SQL: SHOW COLUMNS FROM `eh_category` [ RunTime:0.0009s ]
SQL: SELECT `pid` FROM `eh_category` WHERE `name` = null LIMIT 1   [ RunTime:0.0003s ]
SQL: SELECT `id`,`name`,`pid`,`title`,`link_id` FROM `eh_category` WHERE `pid` = null AND `status` = 1 ORDER BY `sort`  [ RunTime:0.0002s ]
INFO: [ view_parse ] --START--
INFO: [ template_filter ] --START--
INFO: Run Behavior\ContentReplaceBehavior [ RunTime:0.000074s ]
INFO: [ template_filter ] --END-- [ RunTime:-0.016910s ]
INFO: Run Behavior\ParseTemplateBehavior [ RunTime:0.005847s ]
INFO: [ view_parse ] --END-- [ RunTime:0.006000s ]
INFO: [ view_filter ] --START--
INFO: Run Behavior\WriteHtmlCacheBehavior [ RunTime:0.000654s ]
INFO: [ view_filter ] --END-- [ RunTime:0.000772s ]
INFO: Run Behavior\ParseTemplateBehavior [ RunTime:0.007029s ]
INFO: [ view_parse ] --END-- [ RunTime:0.006000s ]
INFO: [ view_filter ] --START--
INFO: Run Behavior\WriteHtmlCacheBehavior [ RunTime:0.000027s ]
INFO: [ view_filter ] --END-- [ RunTime:-0.000773s ]
INFO: [ app_end ] --START--
INFO: Run Behavior\ShowPageTraceBehavior [ RunTime:0.001678s ]
INFO: [ app_end ] --END-- [ RunTime:0.001961s ]

[ 2016-06-23T17:21:22+08:00 ] ::1 /index.php?s=/Home/Certimg/detail/id/68442.html
INFO: [ app_init ] --START--
INFO: Run Behavior\BuildLiteBehavior [ RunTime:0.000032s ]
INFO: Run Common\Behavior\InitHookBehavior [ RunTime:0.002326s ]
INFO: [ app_init ] --END-- [ RunTime:0.003068s ]
INFO: [ app_begin ] --START--
INFO: Run Behavior\ReadHtmlCacheBehavior [ RunTime:0.000953s ]
INFO: [ app_begin ] --END-- [ RunTime:0.001163s ]
SQL: SHOW COLUMNS FROM `eh_config` [ RunTime:0.0009s ]
SQL: SELECT `type`,`name`,`value` FROM `eh_config` WHERE `status` = 1  [ RunTime:0.0010s ]
SQL: exec GetCertReport @imgid=68442,@status=1 [ RunTime:0.0029s ]
NOTIC: [8] Undefined variable: type D:\webs\onethink\Application\Home\Controller\CertimgController.class.php 第 42 行.
NOTIC: [8] Undefined variable: status D:\webs\onethink\Application\Home\Controller\CertimgController.class.php 第 52 行.
NOTIC: [8] Undefined variable: fileName D:\webs\onethink\Application\Home\Controller\CertimgController.class.php 第 53 行.
NOTIC: [8] Undefined variable: fileName D:\webs\onethink\Application\Home\Controller\CertimgController.class.php 第 54 行.
INFO: [ view_parse ] --START--
INFO: [ template_filter ] --START--
INFO: Run Behavior\ContentReplaceBehavior [ RunTime:0.000217s ]
INFO: [ template_filter ] --END-- [ RunTime:0.000350s ]
SQL: SHOW COLUMNS FROM `eh_channel` [ RunTime:0.0007s ]
SQL: SELECT `id`,`pid`,`title`,`url`,`sort`,`create_time`,`update_time`,`status`,`target` FROM `eh_channel` WHERE ( status=1 ) ORDER BY `sort`  [ RunTime:0.0004s ]
NOTIC: [8] Undefined variable: category D:\webs\onethink\Runtime\Cache\Home\7a38f53489be3463ebc0fba66ea2bb47.php 第 129 行.
SQL: SHOW COLUMNS FROM `eh_category` [ RunTime:0.0010s ]
SQL: SELECT `pid` FROM `eh_category` WHERE `name` = null LIMIT 1   [ RunTime:0.0002s ]
SQL: SELECT `id`,`name`,`pid`,`title`,`link_id` FROM `eh_category` WHERE `pid` = null AND `status` = 1 ORDER BY `sort`  [ RunTime:0.0002s ]
INFO: [ view_parse ] --START--
INFO: [ template_filter ] --START--
INFO: Run Behavior\ContentReplaceBehavior [ RunTime:0.000070s ]
INFO: [ template_filter ] --END-- [ RunTime:-0.015919s ]
INFO: Run Behavior\ParseTemplateBehavior [ RunTime:0.005597s ]
INFO: [ view_parse ] --END-- [ RunTime:0.005736s ]
INFO: [ view_filter ] --START--
INFO: Run Behavior\WriteHtmlCacheBehavior [ RunTime:0.000701s ]
INFO: [ view_filter ] --END-- [ RunTime:0.000820s ]
INFO: Run Behavior\ParseTemplateBehavior [ RunTime:0.006801s ]
INFO: [ view_parse ] --END-- [ RunTime:0.005736s ]
INFO: [ view_filter ] --START--
INFO: Run Behavior\WriteHtmlCacheBehavior [ RunTime:0.000036s ]
INFO: [ view_filter ] --END-- [ RunTime:-0.000775s ]
INFO: [ app_end ] --START--
INFO: Run Behavior\ShowPageTraceBehavior [ RunTime:0.001421s ]
INFO: [ app_end ] --END-- [ RunTime:0.001693s ]

[ 2016-06-23T17:21:23+08:00 ] ::1 /index.php?s=/Home/Certimg/detail/id/68442.html
INFO: [ app_init ] --START--
INFO: Run Behavior\BuildLiteBehavior [ RunTime:0.000049s ]
INFO: Run Common\Behavior\InitHookBehavior [ RunTime:0.002376s ]
INFO: [ app_init ] --END-- [ RunTime:0.003016s ]
INFO: [ app_begin ] --START--
INFO: Run Behavior\ReadHtmlCacheBehavior [ RunTime:0.000625s ]
INFO: [ app_begin ] --END-- [ RunTime:0.000768s ]
SQL: SHOW COLUMNS FROM `eh_config` [ RunTime:0.0009s ]
SQL: SELECT `type`,`name`,`value` FROM `eh_config` WHERE `status` = 1  [ RunTime:0.0004s ]
SQL: exec GetCertReport @imgid=68442,@status=1 [ RunTime:0.0030s ]
NOTIC: [8] Undefined variable: type D:\webs\onethink\Application\Home\Controller\CertimgController.class.php 第 42 行.
NOTIC: [8] Undefined variable: status D:\webs\onethink\Application\Home\Controller\CertimgController.class.php 第 52 行.
NOTIC: [8] Undefined variable: fileName D:\webs\onethink\Application\Home\Controller\CertimgController.class.php 第 53 行.
NOTIC: [8] Undefined variable: fileName D:\webs\onethink\Application\Home\Controller\CertimgController.class.php 第 54 行.
INFO: [ view_parse ] --START--
INFO: [ template_filter ] --START--
INFO: Run Behavior\ContentReplaceBehavior [ RunTime:0.000136s ]
INFO: [ template_filter ] --END-- [ RunTime:0.000262s ]
SQL: SHOW COLUMNS FROM `eh_channel` [ RunTime:0.0007s ]
SQL: SELECT `id`,`pid`,`title`,`url`,`sort`,`create_time`,`update_time`,`status`,`target` FROM `eh_channel` WHERE ( status=1 ) ORDER BY `sort`  [ RunTime:0.0004s ]
NOTIC: [8] Undefined variable: category D:\webs\onethink\Runtime\Cache\Home\7a38f53489be3463ebc0fba66ea2bb47.php 第 129 行.
SQL: SHOW COLUMNS FROM `eh_category` [ RunTime:0.0008s ]
SQL: SELECT `pid` FROM `eh_category` WHERE `name` = null LIMIT 1   [ RunTime:0.0003s ]
SQL: SELECT `id`,`name`,`pid`,`title`,`link_id` FROM `eh_category` WHERE `pid` = null AND `status` = 1 ORDER BY `sort`  [ RunTime:0.0002s ]
INFO: [ view_parse ] --START--
INFO: [ template_filter ] --START--
INFO: Run Behavior\ContentReplaceBehavior [ RunTime:0.000075s ]
INFO: [ template_filter ] --END-- [ RunTime:-0.015744s ]
INFO: Run Behavior\ParseTemplateBehavior [ RunTime:0.005663s ]
INFO: [ view_parse ] --END-- [ RunTime:0.005825s ]
INFO: [ view_filter ] --START--
INFO: Run Behavior\WriteHtmlCacheBehavior [ RunTime:0.000594s ]
INFO: [ view_filter ] --END-- [ RunTime:0.000720s ]
INFO: Run Behavior\ParseTemplateBehavior [ RunTime:0.006829s ]
INFO: [ view_parse ] --END-- [ RunTime:0.005825s ]
INFO: [ view_filter ] --START--
INFO: Run Behavior\WriteHtmlCacheBehavior [ RunTime:0.000038s ]
INFO: [ view_filter ] --END-- [ RunTime:-0.000777s ]
INFO: [ app_end ] --START--
INFO: Run Behavior\ShowPageTraceBehavior [ RunTime:0.001449s ]
INFO: [ app_end ] --END-- [ RunTime:0.001672s ]

[ 2016-06-23T17:21:25+08:00 ] ::1 /index.php?s=/Home/Certimg/detail/id/68442.html
INFO: [ app_init ] --START--
INFO: Run Behavior\BuildLiteBehavior [ RunTime:0.000198s ]
INFO: Run Common\Behavior\InitHookBehavior [ RunTime:0.002800s ]
INFO: [ app_init ] --END-- [ RunTime:0.004648s ]
INFO: [ app_begin ] --START--
INFO: Run Behavior\ReadHtmlCacheBehavior [ RunTime:0.000530s ]
INFO: [ app_begin ] --END-- [ RunTime:0.000658s ]
SQL: SHOW COLUMNS FROM `eh_config` [ RunTime:0.0020s ]
SQL: SELECT `type`,`name`,`value` FROM `eh_config` WHERE `status` = 1  [ RunTime:0.0005s ]
SQL: exec GetCertReport @imgid=68442,@status=1 [ RunTime:0.0030s ]
NOTIC: [8] Undefined variable: type D:\webs\onethink\Application\Home\Controller\CertimgController.class.php 第 42 行.
NOTIC: [8] Undefined variable: status D:\webs\onethink\Application\Home\Controller\CertimgController.class.php 第 52 行.
NOTIC: [8] Undefined variable: fileName D:\webs\onethink\Application\Home\Controller\CertimgController.class.php 第 53 行.
NOTIC: [8] Undefined variable: fileName D:\webs\onethink\Application\Home\Controller\CertimgController.class.php 第 54 行.
INFO: [ view_parse ] --START--
INFO: [ template_filter ] --START--
INFO: Run Behavior\ContentReplaceBehavior [ RunTime:0.000129s ]
INFO: [ template_filter ] --END-- [ RunTime:0.000272s ]
SQL: SHOW COLUMNS FROM `eh_channel` [ RunTime:0.0007s ]
SQL: SELECT `id`,`pid`,`title`,`url`,`sort`,`create_time`,`update_time`,`status`,`target` FROM `eh_channel` WHERE ( status=1 ) ORDER BY `sort`  [ RunTime:0.0004s ]
NOTIC: [8] Undefined variable: category D:\webs\onethink\Runtime\Cache\Home\7a38f53489be3463ebc0fba66ea2bb47.php 第 129 行.
SQL: SHOW COLUMNS FROM `eh_category` [ RunTime:0.0009s ]
SQL: SELECT `pid` FROM `eh_category` WHERE `name` = null LIMIT 1   [ RunTime:0.0003s ]
SQL: SELECT `id`,`name`,`pid`,`title`,`link_id` FROM `eh_category` WHERE `pid` = null AND `status` = 1 ORDER BY `sort`  [ RunTime:0.0002s ]
INFO: [ view_parse ] --START--
INFO: [ template_filter ] --START--
INFO: Run Behavior\ContentReplaceBehavior [ RunTime:0.000071s ]
INFO: [ template_filter ] --END-- [ RunTime:-0.015700s ]
INFO: Run Behavior\ParseTemplateBehavior [ RunTime:0.005599s ]
INFO: [ view_parse ] --END-- [ RunTime:0.005756s ]
INFO: [ view_filter ] --START--
INFO: Run Behavior\WriteHtmlCacheBehavior [ RunTime:0.000639s ]
INFO: [ view_filter ] --END-- [ RunTime:0.000831s ]
INFO: Run Behavior\ParseTemplateBehavior [ RunTime:0.007031s ]
INFO: [ view_parse ] --END-- [ RunTime:0.005756s ]
INFO: [ view_filter ] --START--
INFO: Run Behavior\WriteHtmlCacheBehavior [ RunTime:0.000037s ]
INFO: [ view_filter ] --END-- [ RunTime:-0.001004s ]
INFO: [ app_end ] --START--
INFO: Run Behavior\ShowPageTraceBehavior [ RunTime:0.001572s ]
INFO: [ app_end ] --END-- [ RunTime:0.001811s ]

[ 2016-06-23T17:21:34+08:00 ] ::1 /index.php?s=/Home/Certimg/detail/id/68442.html
INFO: [ app_init ] --START--
INFO: Run Behavior\BuildLiteBehavior [ RunTime:0.000024s ]
INFO: Run Common\Behavior\InitHookBehavior [ RunTime:0.002645s ]
INFO: [ app_init ] --END-- [ RunTime:0.003226s ]
INFO: [ app_begin ] --START--
INFO: Run Behavior\ReadHtmlCacheBehavior [ RunTime:0.000693s ]
INFO: [ app_begin ] --END-- [ RunTime:0.000814s ]
SQL: SHOW COLUMNS FROM `eh_config` [ RunTime:0.0009s ]
SQL: SELECT `type`,`name`,`value` FROM `eh_config` WHERE `status` = 1  [ RunTime:0.0004s ]
SQL: exec GetCertReport @imgid=68442,@status=1 [ RunTime:0.0029s ]
NOTIC: [8] Undefined variable: type D:\webs\onethink\Application\Home\Controller\CertimgController.class.php 第 42 行.
NOTIC: [8] Undefined variable: status D:\webs\onethink\Application\Home\Controller\CertimgController.class.php 第 52 行.
NOTIC: [8] Undefined variable: fileName D:\webs\onethink\Application\Home\Controller\CertimgController.class.php 第 53 行.
NOTIC: [8] Undefined variable: fileName D:\webs\onethink\Application\Home\Controller\CertimgController.class.php 第 54 行.
INFO: [ view_parse ] --START--
INFO: [ template_filter ] --START--
INFO: Run Behavior\ContentReplaceBehavior [ RunTime:0.000132s ]
INFO: [ template_filter ] --END-- [ RunTime:0.000254s ]
SQL: SHOW COLUMNS FROM `eh_channel` [ RunTime:0.0008s ]
SQL: SELECT `id`,`pid`,`title`,`url`,`sort`,`create_time`,`update_time`,`status`,`target` FROM `eh_channel` WHERE ( status=1 ) ORDER BY `sort`  [ RunTime:0.0004s ]
NOTIC: [8] Undefined variable: category D:\webs\onethink\Runtime\Cache\Home\7a38f53489be3463ebc0fba66ea2bb47.php 第 129 行.
SQL: SHOW COLUMNS FROM `eh_category` [ RunTime:0.0009s ]
SQL: SELECT `pid` FROM `eh_category` WHERE `name` = null LIMIT 1   [ RunTime:0.0003s ]
SQL: SELECT `id`,`name`,`pid`,`title`,`link_id` FROM `eh_category` WHERE `pid` = null AND `status` = 1 ORDER BY `sort`  [ RunTime:0.0002s ]
INFO: [ view_parse ] --START--
INFO: [ template_filter ] --START--
INFO: Run Behavior\ContentReplaceBehavior [ RunTime:0.000078s ]
INFO: [ template_filter ] --END-- [ RunTime:-0.018396s ]
INFO: Run Behavior\ParseTemplateBehavior [ RunTime:0.006087s ]
INFO: [ view_parse ] --END-- [ RunTime:0.006388s ]
INFO: [ view_filter ] --START--
INFO: Run Behavior\WriteHtmlCacheBehavior [ RunTime:0.000793s ]
INFO: [ view_filter ] --END-- [ RunTime:0.000951s ]
INFO: Run Behavior\ParseTemplateBehavior [ RunTime:0.007635s ]
INFO: [ view_parse ] --END-- [ RunTime:0.006388s ]
INFO: [ view_filter ] --START--
INFO: Run Behavior\WriteHtmlCacheBehavior [ RunTime:0.000037s ]
INFO: [ view_filter ] --END-- [ RunTime:-0.000732s ]
INFO: [ app_end ] --START--
INFO: Run Behavior\ShowPageTraceBehavior [ RunTime:0.002782s ]
INFO: [ app_end ] --END-- [ RunTime:0.003056s ]

[ 2016-06-23T17:21:56+08:00 ] ::1 /index.php?s=/Home/Certimg/detail/id/68442.html
INFO: [ app_init ] --START--
INFO: Run Behavior\BuildLiteBehavior [ RunTime:0.000027s ]
INFO: Run Common\Behavior\InitHookBehavior [ RunTime:0.002619s ]
INFO: [ app_init ] --END-- [ RunTime:0.003493s ]
INFO: [ app_begin ] --START--
INFO: Run Behavior\ReadHtmlCacheBehavior [ RunTime:0.000650s ]
INFO: [ app_begin ] --END-- [ RunTime:0.000766s ]
SQL: SHOW COLUMNS FROM `eh_config` [ RunTime:0.0006s ]
SQL: SELECT `type`,`name`,`value` FROM `eh_config` WHERE `status` = 1  [ RunTime:0.0004s ]
SQL: exec GetCertReport @imgid=68442,@status=1 [ RunTime:0.0029s ]
NOTIC: [8] Undefined variable: type D:\webs\onethink\Application\Home\Controller\CertimgController.class.php 第 42 行.
NOTIC: [8] Undefined variable: status D:\webs\onethink\Application\Home\Controller\CertimgController.class.php 第 52 行.
NOTIC: [8] Undefined variable: fileName D:\webs\onethink\Application\Home\Controller\CertimgController.class.php 第 53 行.
NOTIC: [8] Undefined variable: fileName D:\webs\onethink\Application\Home\Controller\CertimgController.class.php 第 54 行.
INFO: [ view_parse ] --START--
INFO: [ template_filter ] --START--
INFO: Run Behavior\ContentReplaceBehavior [ RunTime:0.000129s ]
INFO: [ template_filter ] --END-- [ RunTime:0.000244s ]
SQL: SHOW COLUMNS FROM `eh_channel` [ RunTime:0.0007s ]
SQL: SELECT `id`,`pid`,`title`,`url`,`sort`,`create_time`,`update_time`,`status`,`target` FROM `eh_channel` WHERE ( status=1 ) ORDER BY `sort`  [ RunTime:0.0004s ]
NOTIC: [8] Undefined variable: category D:\webs\onethink\Runtime\Cache\Home\7a38f53489be3463ebc0fba66ea2bb47.php 第 129 行.
SQL: SHOW COLUMNS FROM `eh_category` [ RunTime:0.0008s ]
SQL: SELECT `pid` FROM `eh_category` WHERE `name` = null LIMIT 1   [ RunTime:0.0002s ]
SQL: SELECT `id`,`name`,`pid`,`title`,`link_id` FROM `eh_category` WHERE `pid` = null AND `status` = 1 ORDER BY `sort`  [ RunTime:0.0002s ]
INFO: [ view_parse ] --START--
INFO: [ template_filter ] --START--
INFO: Run Behavior\ContentReplaceBehavior [ RunTime:0.000075s ]
INFO: [ template_filter ] --END-- [ RunTime:-0.016587s ]
INFO: Run Behavior\ParseTemplateBehavior [ RunTime:0.006272s ]
INFO: [ view_parse ] --END-- [ RunTime:0.006422s ]
INFO: [ view_filter ] --START--
INFO: Run Behavior\WriteHtmlCacheBehavior [ RunTime:0.000577s ]
INFO: [ view_filter ] --END-- [ RunTime:0.000699s ]
INFO: Run Behavior\ParseTemplateBehavior [ RunTime:0.007393s ]
INFO: [ view_parse ] --END-- [ RunTime:0.006422s ]
INFO: [ view_filter ] --START--
INFO: Run Behavior\WriteHtmlCacheBehavior [ RunTime:0.000028s ]
INFO: [ view_filter ] --END-- [ RunTime:-0.000836s ]
INFO: [ app_end ] --START--
INFO: Run Behavior\ShowPageTraceBehavior [ RunTime:0.001671s ]
INFO: [ app_end ] --END-- [ RunTime:0.002171s ]

[ 2016-06-23T17:22:06+08:00 ] ::1 /index.php?s=/Home/Certimg/detail/id/68442.html
INFO: [ app_init ] --START--
INFO: Run Behavior\BuildLiteBehavior [ RunTime:0.000033s ]
INFO: Run Common\Behavior\InitHookBehavior [ RunTime:0.002485s ]
INFO: [ app_init ] --END-- [ RunTime:0.003165s ]
INFO: [ app_begin ] --START--
INFO: Run Behavior\ReadHtmlCacheBehavior [ RunTime:0.000939s ]
INFO: [ app_begin ] --END-- [ RunTime:0.001127s ]
SQL: SHOW COLUMNS FROM `eh_config` [ RunTime:0.0009s ]
SQL: SELECT `type`,`name`,`value` FROM `eh_config` WHERE `status` = 1  [ RunTime:0.0006s ]
SQL: exec GetCertReport @imgid=68442,@status=1 [ RunTime:0.0030s ]
NOTIC: [8] Undefined variable: type D:\webs\onethink\Application\Home\Controller\CertimgController.class.php 第 42 行.
NOTIC: [8] Undefined variable: status D:\webs\onethink\Application\Home\Controller\CertimgController.class.php 第 52 行.
NOTIC: [8] Undefined variable: fileName D:\webs\onethink\Application\Home\Controller\CertimgController.class.php 第 53 行.
NOTIC: [8] Undefined variable: fileName D:\webs\onethink\Application\Home\Controller\CertimgController.class.php 第 54 行.
INFO: [ view_parse ] --START--
INFO: [ template_filter ] --START--
INFO: Run Behavior\ContentReplaceBehavior [ RunTime:0.000203s ]
INFO: [ template_filter ] --END-- [ RunTime:0.000327s ]
SQL: SHOW COLUMNS FROM `eh_channel` [ RunTime:0.0007s ]
SQL: SELECT `id`,`pid`,`title`,`url`,`sort`,`create_time`,`update_time`,`status`,`target` FROM `eh_channel` WHERE ( status=1 ) ORDER BY `sort`  [ RunTime:0.0004s ]
NOTIC: [8] Undefined variable: category D:\webs\onethink\Runtime\Cache\Home\7a38f53489be3463ebc0fba66ea2bb47.php 第 129 行.
SQL: SHOW COLUMNS FROM `eh_category` [ RunTime:0.0007s ]
SQL: SELECT `pid` FROM `eh_category` WHERE `name` = null LIMIT 1   [ RunTime:0.0004s ]
SQL: SELECT `id`,`name`,`pid`,`title`,`link_id` FROM `eh_category` WHERE `pid` = null AND `status` = 1 ORDER BY `sort`  [ RunTime:0.0003s ]
INFO: [ view_parse ] --START--
INFO: [ template_filter ] --START--
INFO: Run Behavior\ContentReplaceBehavior [ RunTime:0.000074s ]
INFO: [ template_filter ] --END-- [ RunTime:-0.015966s ]
INFO: Run Behavior\ParseTemplateBehavior [ RunTime:0.005967s ]
INFO: [ view_parse ] --END-- [ RunTime:0.006184s ]
INFO: [ view_filter ] --START--
INFO: Run Behavior\WriteHtmlCacheBehavior [ RunTime:0.000959s ]
INFO: [ view_filter ] --END-- [ RunTime:0.001131s ]
INFO: Run Behavior\ParseTemplateBehavior [ RunTime:0.007627s ]
INFO: [ view_parse ] --END-- [ RunTime:0.006184s ]
INFO: [ view_filter ] --START--
INFO: Run Behavior\WriteHtmlCacheBehavior [ RunTime:0.000039s ]
INFO: [ view_filter ] --END-- [ RunTime:-0.000775s ]
INFO: [ app_end ] --START--
INFO: Run Behavior\ShowPageTraceBehavior [ RunTime:0.001693s ]
INFO: [ app_end ] --END-- [ RunTime:0.001969s ]

[ 2016-06-23T17:22:19+08:00 ] ::1 /index.php?s=/Home/Certimg/detail/id/68442.html
INFO: [ app_init ] --START--
INFO: Run Behavior\BuildLiteBehavior [ RunTime:0.000038s ]
INFO: Run Common\Behavior\InitHookBehavior [ RunTime:0.003594s ]
INFO: [ app_init ] --END-- [ RunTime:0.004508s ]
INFO: [ app_begin ] --START--
INFO: Run Behavior\ReadHtmlCacheBehavior [ RunTime:0.000521s ]
INFO: [ app_begin ] --END-- [ RunTime:0.000647s ]
SQL: SHOW COLUMNS FROM `eh_config` [ RunTime:0.0007s ]
SQL: SELECT `type`,`name`,`value` FROM `eh_config` WHERE `status` = 1  [ RunTime:0.0004s ]
SQL: exec GetCertReport @imgid=68442,@status=1 [ RunTime:0.0030s ]
NOTIC: [8] Undefined variable: type D:\webs\onethink\Application\Home\Controller\CertimgController.class.php 第 42 行.
NOTIC: [8] Undefined variable: status D:\webs\onethink\Application\Home\Controller\CertimgController.class.php 第 52 行.
NOTIC: [8] Undefined variable: fileName D:\webs\onethink\Application\Home\Controller\CertimgController.class.php 第 53 行.
NOTIC: [8] Undefined variable: fileName D:\webs\onethink\Application\Home\Controller\CertimgController.class.php 第 54 行.
INFO: [ view_parse ] --START--
INFO: [ template_filter ] --START--
INFO: Run Behavior\ContentReplaceBehavior [ RunTime:0.000207s ]
INFO: [ template_filter ] --END-- [ RunTime:0.000418s ]
SQL: SHOW COLUMNS FROM `eh_channel` [ RunTime:0.0009s ]
SQL: SELECT `id`,`pid`,`title`,`url`,`sort`,`create_time`,`update_time`,`status`,`target` FROM `eh_channel` WHERE ( status=1 ) ORDER BY `sort`  [ RunTime:0.0004s ]
NOTIC: [8] Undefined variable: category D:\webs\onethink\Runtime\Cache\Home\7a38f53489be3463ebc0fba66ea2bb47.php 第 129 行.
SQL: SHOW COLUMNS FROM `eh_category` [ RunTime:0.0008s ]
SQL: SELECT `pid` FROM `eh_category` WHERE `name` = null LIMIT 1   [ RunTime:0.0003s ]
SQL: SELECT `id`,`name`,`pid`,`title`,`link_id` FROM `eh_category` WHERE `pid` = null AND `status` = 1 ORDER BY `sort`  [ RunTime:0.0002s ]
INFO: [ view_parse ] --START--
INFO: [ template_filter ] --START--
INFO: Run Behavior\ContentReplaceBehavior [ RunTime:0.000078s ]
INFO: [ template_filter ] --END-- [ RunTime:-0.016399s ]
INFO: Run Behavior\ParseTemplateBehavior [ RunTime:0.005396s ]
INFO: [ view_parse ] --END-- [ RunTime:0.005567s ]
INFO: [ view_filter ] --START--
INFO: Run Behavior\WriteHtmlCacheBehavior [ RunTime:0.000647s ]
INFO: [ view_filter ] --END-- [ RunTime:0.000758s ]
INFO: Run Behavior\ParseTemplateBehavior [ RunTime:0.006595s ]
INFO: [ view_parse ] --END-- [ RunTime:0.005567s ]
INFO: [ view_filter ] --START--
INFO: Run Behavior\WriteHtmlCacheBehavior [ RunTime:0.000052s ]
INFO: [ view_filter ] --END-- [ RunTime:-0.000778s ]
INFO: [ app_end ] --START--
INFO: Run Behavior\ShowPageTraceBehavior [ RunTime:0.001531s ]
INFO: [ app_end ] --END-- [ RunTime:0.001905s ]

[ 2016-06-23T17:22:21+08:00 ] ::1 /index.php?s=/Home/Certimg/detail/id/68442.html
INFO: [ app_init ] --START--
INFO: Run Behavior\BuildLiteBehavior [ RunTime:0.000028s ]
INFO: Run Common\Behavior\InitHookBehavior [ RunTime:0.002412s ]
INFO: [ app_init ] --END-- [ RunTime:0.003022s ]
INFO: [ app_begin ] --START--
INFO: Run Behavior\ReadHtmlCacheBehavior [ RunTime:0.000756s ]
INFO: [ app_begin ] --END-- [ RunTime:0.000981s ]
SQL: SHOW COLUMNS FROM `eh_config` [ RunTime:0.0015s ]
SQL: SELECT `type`,`name`,`value` FROM `eh_config` WHERE `status` = 1  [ RunTime:0.0005s ]
SQL: exec GetCertReport @imgid=68442,@status=1 [ RunTime:0.0029s ]
NOTIC: [8] Undefined variable: type D:\webs\onethink\Application\Home\Controller\CertimgController.class.php 第 42 行.
NOTIC: [8] Undefined variable: status D:\webs\onethink\Application\Home\Controller\CertimgController.class.php 第 52 行.
NOTIC: [8] Undefined variable: fileName D:\webs\onethink\Application\Home\Controller\CertimgController.class.php 第 53 行.
NOTIC: [8] Undefined variable: fileName D:\webs\onethink\Application\Home\Controller\CertimgController.class.php 第 54 行.
INFO: [ view_parse ] --START--
INFO: [ template_filter ] --START--
INFO: Run Behavior\ContentReplaceBehavior [ RunTime:0.000158s ]
INFO: [ template_filter ] --END-- [ RunTime:0.000302s ]
SQL: SHOW COLUMNS FROM `eh_channel` [ RunTime:0.0006s ]
SQL: SELECT `id`,`pid`,`title`,`url`,`sort`,`create_time`,`update_time`,`status`,`target` FROM `eh_channel` WHERE ( status=1 ) ORDER BY `sort`  [ RunTime:0.0004s ]
NOTIC: [8] Undefined variable: category D:\webs\onethink\Runtime\Cache\Home\7a38f53489be3463ebc0fba66ea2bb47.php 第 129 行.
SQL: SHOW COLUMNS FROM `eh_category` [ RunTime:0.0008s ]
SQL: SELECT `pid` FROM `eh_category` WHERE `name` = null LIMIT 1   [ RunTime:0.0002s ]
SQL: SELECT `id`,`name`,`pid`,`title`,`link_id` FROM `eh_category` WHERE `pid` = null AND `status` = 1 ORDER BY `sort`  [ RunTime:0.0002s ]
INFO: [ view_parse ] --START--
INFO: [ template_filter ] --START--
INFO: Run Behavior\ContentReplaceBehavior [ RunTime:0.000163s ]
INFO: [ template_filter ] --END-- [ RunTime:-0.016988s ]
INFO: Run Behavior\ParseTemplateBehavior [ RunTime:0.006407s ]
INFO: [ view_parse ] --END-- [ RunTime:0.006562s ]
INFO: [ view_filter ] --START--
INFO: Run Behavior\WriteHtmlCacheBehavior [ RunTime:0.000526s ]
INFO: [ view_filter ] --END-- [ RunTime:0.000647s ]
INFO: Run Behavior\ParseTemplateBehavior [ RunTime:0.007464s ]
INFO: [ view_parse ] --END-- [ RunTime:0.006562s ]
INFO: [ view_filter ] --START--
INFO: Run Behavior\WriteHtmlCacheBehavior [ RunTime:0.000027s ]
INFO: [ view_filter ] --END-- [ RunTime:-0.000682s ]
INFO: [ app_end ] --START--
INFO: Run Behavior\ShowPageTraceBehavior [ RunTime:0.001519s ]
INFO: [ app_end ] --END-- [ RunTime:0.001865s ]

[ 2016-06-23T17:22:33+08:00 ] ::1 /index.php?s=/Home/Certimg/detail/id/68442.html
INFO: [ app_init ] --START--
INFO: Run Behavior\BuildLiteBehavior [ RunTime:0.000050s ]
INFO: Run Common\Behavior\InitHookBehavior [ RunTime:0.003486s ]
INFO: [ app_init ] --END-- [ RunTime:0.004126s ]
INFO: [ app_begin ] --START--
INFO: Run Behavior\ReadHtmlCacheBehavior [ RunTime:0.000540s ]
INFO: [ app_begin ] --END-- [ RunTime:0.000684s ]
SQL: SHOW COLUMNS FROM `eh_config` [ RunTime:0.0007s ]
SQL: SELECT `type`,`name`,`value` FROM `eh_config` WHERE `status` = 1  [ RunTime:0.0004s ]
SQL: exec GetCertReport @imgid=68442,@status=1 [ RunTime:0.0029s ]
NOTIC: [8] Undefined variable: type D:\webs\onethink\Application\Home\Controller\CertimgController.class.php 第 42 行.
NOTIC: [8] Undefined variable: status D:\webs\onethink\Application\Home\Controller\CertimgController.class.php 第 52 行.
NOTIC: [8] Undefined variable: fileName D:\webs\onethink\Application\Home\Controller\CertimgController.class.php 第 53 行.
NOTIC: [8] Undefined variable: fileName D:\webs\onethink\Application\Home\Controller\CertimgController.class.php 第 54 行.
INFO: [ view_parse ] --START--
INFO: [ template_filter ] --START--
INFO: Run Behavior\ContentReplaceBehavior [ RunTime:0.000136s ]
INFO: [ template_filter ] --END-- [ RunTime:0.000270s ]
SQL: SHOW COLUMNS FROM `eh_channel` [ RunTime:0.0008s ]
SQL: SELECT `id`,`pid`,`title`,`url`,`sort`,`create_time`,`update_time`,`status`,`target` FROM `eh_channel` WHERE ( status=1 ) ORDER BY `sort`  [ RunTime:0.0004s ]
NOTIC: [8] Undefined variable: category D:\webs\onethink\Runtime\Cache\Home\7a38f53489be3463ebc0fba66ea2bb47.php 第 129 行.
SQL: SHOW COLUMNS FROM `eh_category` [ RunTime:0.0007s ]
SQL: SELECT `pid` FROM `eh_category` WHERE `name` = null LIMIT 1   [ RunTime:0.0002s ]
SQL: SELECT `id`,`name`,`pid`,`title`,`link_id` FROM `eh_category` WHERE `pid` = null AND `status` = 1 ORDER BY `sort`  [ RunTime:0.0002s ]
INFO: [ view_parse ] --START--
INFO: [ template_filter ] --START--
INFO: Run Behavior\ContentReplaceBehavior [ RunTime:0.000072s ]
INFO: [ template_filter ] --END-- [ RunTime:-0.015944s ]
INFO: Run Behavior\ParseTemplateBehavior [ RunTime:0.006320s ]
INFO: [ view_parse ] --END-- [ RunTime:0.006449s ]
INFO: [ view_filter ] --START--
INFO: Run Behavior\WriteHtmlCacheBehavior [ RunTime:0.000447s ]
INFO: [ view_filter ] --END-- [ RunTime:0.000550s ]
INFO: Run Behavior\ParseTemplateBehavior [ RunTime:0.007237s ]
INFO: [ view_parse ] --END-- [ RunTime:0.006449s ]
INFO: [ view_filter ] --START--
INFO: Run Behavior\WriteHtmlCacheBehavior [ RunTime:0.000029s ]
INFO: [ view_filter ] --END-- [ RunTime:-0.000726s ]
INFO: [ app_end ] --START--
INFO: Run Behavior\ShowPageTraceBehavior [ RunTime:0.001377s ]
INFO: [ app_end ] --END-- [ RunTime:0.001662s ]

