[ 2016-06-27T08:49:25+08:00 ] 127.0.0.1 /singletile/summary/alias/experiencebyname/today?market=zh-CN&tenant=amp&vertical=finance
INFO: [ app_init ] --START--
INFO: Run Behavior\BuildLiteBehavior [ RunTime:0.000028s ]
INFO: Run Common\Behavior\InitHookBehavior [ RunTime:0.044698s ]
INFO: [ app_init ] --END-- [ RunTime:0.052729s ]
ERR: 无法加载模块:Singletile

[ 2016-06-27T08:56:27+08:00 ] 127.0.0.1 /quant.js
INFO: [ app_init ] --START--
INFO: Run Behavior\BuildLiteBehavior [ RunTime:0.000042s ]
INFO: Run Common\Behavior\InitHookBehavior [ RunTime:0.003293s ]
INFO: [ app_init ] --END-- [ RunTime:0.004144s ]
ERR: 无法加载模块:Quant

[ 2016-06-27T08:56:27+08:00 ] 127.0.0.1 /b?c1=2&c2=17440561&ns__t=1466988987738&ns_c=UTF-8&cv=3.1&c8=php%20-%20Format%20bytes%20to%20kilobytes%2C%20megabytes%2C%20gigabytes%20-%20Stack%20Overflow&c7=http%3A%2F%2Fstackoverflow.com%2Fquestions%2F2510434%2Fformat-bytes-to-kilobytes-megabytes-gigabytes&c9=https%3A%2F%2Fwww.baidu.com%2Flink%3Furl%3DrjNpqxiTk4zMcmoOzijex0GK9ZAOkGM1M-_wPaQvedHYB_voJhy0H6gIKaZ3RMpdAc8kTI8GvHANwjjXp9yIlDmiV--Z4OE6m0oLRwc9r-LPxML3w93ZE1NS31JShSTDThOz6ZksOcWW43W50w-wma%26wd%3D%26eqid%3Db6dabf240011a21900000005577079a7
INFO: [ app_init ] --START--
INFO: Run Behavior\BuildLiteBehavior [ RunTime:0.000060s ]
INFO: Run Common\Behavior\InitHookBehavior [ RunTime:0.005408s ]
INFO: [ app_init ] --END-- [ RunTime:0.006492s ]
ERR: 无法加载模块:B

[ 2016-06-27T08:56:27+08:00 ] 127.0.0.1 /b?c1=2&c2=17440561&ns__t=1466988987737&ns_c=UTF-8&cv=3.1&c8=file%20-%20PHP%20filesize%20MB%2FKB%20conversion%20-%20Stack%20Overflow&c7=http%3A%2F%2Fstackoverflow.com%2Fquestions%2F5501427%2Fphp-filesize-mb-kb-conversion&c9=https%3A%2F%2Fwww.baidu.com%2Flink%3Furl%3D_wW3tqwiXvSq9IEU-t5f9N3J2LF-VSZJD0d-LSjOWrwC0OztAyHAFI9dioSnXGyMMnYJXk1UhksStzgWfgWejIdKaVZ7B4R7WTXStCspy17L186GqD8sDDTtB54CDsoT%26wd%3D%26eqid%3Db6dabf240011a21900000005577079a7
INFO: [ app_init ] --START--
INFO: Run Behavior\BuildLiteBehavior [ RunTime:0.000061s ]
INFO: Run Common\Behavior\InitHookBehavior [ RunTime:0.005437s ]
INFO: [ app_init ] --END-- [ RunTime:0.006493s ]
ERR: 无法加载模块:B

[ 2016-06-27T09:04:24+08:00 ] 127.0.0.1 /singletile/summary/alias/experiencebyname/today?market=zh-CN&tenant=amp&vertical=sports
INFO: [ app_init ] --START--
INFO: Run Behavior\BuildLiteBehavior [ RunTime:0.000041s ]
INFO: Run Common\Behavior\InitHookBehavior [ RunTime:0.004958s ]
INFO: [ app_init ] --END-- [ RunTime:0.005962s ]
ERR: 无法加载模块:Singletile

[ 2016-06-27T09:04:24+08:00 ] 127.0.0.1 /zh-CN/livetile/preinstall?region=CN&appid=C98EA5B0842DBB9405BBF071E1DA76512D21FE36&FORM=Threshold
INFO: [ app_init ] --START--
INFO: Run Behavior\BuildLiteBehavior [ RunTime:0.000041s ]
INFO: Run Common\Behavior\InitHookBehavior [ RunTime:0.005164s ]
INFO: [ app_init ] --END-- [ RunTime:0.006187s ]
ERR: 无法加载模块:Zh-CN

[ 2016-06-27T09:09:59+08:00 ] 127.0.0.1 /MFEwTzBNMEswSTAJBgUrDgMCGgUABBS56bKHAoUD%2BOyl%2B0LhPg9JxyQm4gQUf9Nlp8Ld7LvwMAnzQzn6Aq8zMTMCEFIA5aolVvwahu2WydRLM8c%3D
INFO: [ app_init ] --START--
INFO: Run Behavior\BuildLiteBehavior [ RunTime:0.000049s ]
INFO: Run Common\Behavior\InitHookBehavior [ RunTime:0.008540s ]
INFO: [ app_init ] --END-- [ RunTime:0.009637s ]
ERR: 无法加载模块:MFEwTzBNMEswSTAJBgUrDgMCGgUABBS56bKHAoUD+Oyl+0LhPg9JxyQm4gQUf9Nlp8Ld7LvwMAnzQzn6Aq8zMTMCEFIA5aolVvwahu2WydRLM8c=

[ 2016-06-27T09:10:00+08:00 ] 127.0.0.1 /pca3-g5.crl
INFO: [ app_init ] --START--
INFO: Run Behavior\BuildLiteBehavior [ RunTime:0.000189s ]
INFO: Run Common\Behavior\InitHookBehavior [ RunTime:0.005683s ]
INFO: [ app_init ] --END-- [ RunTime:0.006835s ]
ERR: 无法加载模块:Pca3-g5

[ 2016-06-27T09:10:00+08:00 ] 127.0.0.1 /sf.crl
INFO: [ app_init ] --START--
INFO: Run Behavior\BuildLiteBehavior [ RunTime:0.000051s ]
INFO: Run Common\Behavior\InitHookBehavior [ RunTime:0.002950s ]
INFO: [ app_init ] --END-- [ RunTime:0.003973s ]
ERR: 无法加载模块:Sf

[ 2016-06-27T09:10:01+08:00 ] 127.0.0.1 /CSC3-2010.crl
INFO: [ app_init ] --START--
INFO: Run Behavior\BuildLiteBehavior [ RunTime:0.000048s ]
INFO: Run Common\Behavior\InitHookBehavior [ RunTime:0.005315s ]
INFO: [ app_init ] --END-- [ RunTime:0.006501s ]
ERR: 无法加载模块:CSC3-2010

[ 2016-06-27T09:10:02+08:00 ] 127.0.0.1 /pca3-g5.crl
INFO: [ app_init ] --START--
INFO: Run Behavior\BuildLiteBehavior [ RunTime:0.000055s ]
INFO: Run Common\Behavior\InitHookBehavior [ RunTime:0.003465s ]
INFO: [ app_init ] --END-- [ RunTime:0.004487s ]
ERR: 无法加载模块:Pca3-g5

[ 2016-06-27T09:10:04+08:00 ] 127.0.0.1 /sv.crl
INFO: [ app_init ] --START--
INFO: Run Behavior\BuildLiteBehavior [ RunTime:0.000041s ]
INFO: Run Common\Behavior\InitHookBehavior [ RunTime:0.004843s ]
INFO: [ app_init ] --END-- [ RunTime:0.005766s ]
ERR: 无法加载模块:Sv

[ 2016-06-27T09:10:08+08:00 ] 127.0.0.1 /ThawtePCA.crl
INFO: [ app_init ] --START--
INFO: Run Behavior\BuildLiteBehavior [ RunTime:0.000050s ]
INFO: Run Common\Behavior\InitHookBehavior [ RunTime:0.003080s ]
INFO: [ app_init ] --END-- [ RunTime:0.003957s ]
ERR: 无法加载模块:ThawtePCA

[ 2016-06-27T09:10:09+08:00 ] 127.0.0.1 /tl.crl
INFO: [ app_init ] --START--
INFO: Run Behavior\BuildLiteBehavior [ RunTime:0.000055s ]
INFO: Run Common\Behavior\InitHookBehavior [ RunTime:0.003610s ]
INFO: [ app_init ] --END-- [ RunTime:0.004642s ]
ERR: 无法加载模块:Tl

[ 2016-06-27T16:25:29+08:00 ] 127.0.0.1 /zh-CN/livetile/preinstall?region=CN&appid=C98EA5B0842DBB9405BBF071E1DA76512D21FE36&FORM=Threshold
INFO: [ app_init ] --START--
INFO: Run Behavior\BuildLiteBehavior [ RunTime:0.000065s ]
INFO: Run Common\Behavior\InitHookBehavior [ RunTime:0.134742s ]
INFO: [ app_init ] --END-- [ RunTime:0.153037s ]
ERR: 无法加载模块:Zh-CN[ 2016-06-27T16:25:29+08:00 ] 127.0.0.1 /singletile/summary/alias/experiencebyname/today?market=zh-CN&tenant=amp&vertical=news
INFO: [ app_init ] --START--
INFO: Run Behavior\BuildLiteBehavior [ RunTime:0.000058s ]
INFO: Run Common\Behavior\InitHookBehavior [ RunTime:0.134737s ]
INFO: [ app_init ] --END-- [ RunTime:0.153028s ]
ERR: 无法加载模块:Singletile


[ 2016-06-27T16:29:07+08:00 ] 127.0.0.1 /singletile/summary/alias/experiencebyname/today?market=zh-CN&tenant=amp&vertical=sports
INFO: [ app_init ] --START--
INFO: Run Behavior\BuildLiteBehavior [ RunTime:0.000037s ]
INFO: Run Common\Behavior\InitHookBehavior [ RunTime:0.004136s ]
INFO: [ app_init ] --END-- [ RunTime:0.005000s ]
ERR: 无法加载模块:Singletile

