[ 2016-06-23T08:47:00+08:00 ] ::1 /index.php?s=/Pictures/Sup/Add.html
INFO: [ app_init ] --START--
INFO: Run Behavior\BuildLiteBehavior [ RunTime:0.000046s ]
INFO: Run Common\Behavior\InitHookBehavior [ RunTime:0.004192s ]
INFO: [ app_init ] --END-- [ RunTime:0.005157s ]
ERR: 无法加载模块:Pictures

[ 2016-06-23T08:47:01+08:00 ] ::1 /index.php?s=/Pictures/Sup/Add.html
INFO: [ app_init ] --START--
INFO: Run Behavior\BuildLiteBehavior [ RunTime:0.000047s ]
INFO: Run Common\Behavior\InitHookBehavior [ RunTime:0.004003s ]
INFO: [ app_init ] --END-- [ RunTime:0.005024s ]
ERR: 无法加载模块:Pictures

[ 2016-06-23T08:47:03+08:00 ] ::1 /index.php?s=/Pictures/Sup/Add.html
INFO: [ app_init ] --START--
INFO: Run Behavior\BuildLiteBehavior [ RunTime:0.000058s ]
INFO: Run Common\Behavior\InitHookBehavior [ RunTime:0.004065s ]
INFO: [ app_init ] --END-- [ RunTime:0.005047s ]
ERR: 无法加载模块:Pictures

[ 2016-06-23T08:48:26+08:00 ] ::1 /index.php?s=/Pictures/Sup/Add.html
INFO: [ app_init ] --START--
INFO: Run Behavior\BuildLiteBehavior [ RunTime:0.000047s ]
INFO: Run Common\Behavior\InitHookBehavior [ RunTime:0.006831s ]
INFO: [ app_init ] --END-- [ RunTime:0.008021s ]
ERR: 无法加载模块:Pictures

[ 2016-06-23T08:48:27+08:00 ] ::1 /index.php?s=/Pictures/Sup/Add.html
INFO: [ app_init ] --START--
INFO: Run Behavior\BuildLiteBehavior [ RunTime:0.000048s ]
INFO: Run Common\Behavior\InitHookBehavior [ RunTime:0.006087s ]
INFO: [ app_init ] --END-- [ RunTime:0.007218s ]
ERR: 无法加载模块:Pictures

[ 2016-06-23T08:49:43+08:00 ] ::1 /index.php?s=/Pictures/Sup/Add.html
INFO: [ app_init ] --START--
INFO: Run Behavior\BuildLiteBehavior [ RunTime:0.000063s ]
INFO: Run Common\Behavior\InitHookBehavior [ RunTime:0.006120s ]
INFO: [ app_init ] --END-- [ RunTime:0.007825s ]
ERR: 无法加载模块:Pictures

[ 2016-06-23T12:48:26+08:00 ] 127.0.0.1 /UploadData.aspx
INFO: [ app_init ] --START--
INFO: Run Behavior\BuildLiteBehavior [ RunTime:0.000029s ]
INFO: Run Common\Behavior\InitHookBehavior [ RunTime:0.041401s ]
INFO: [ app_init ] --END-- [ RunTime:0.050361s ]
ERR: 无法加载模块:UploadData

[ 2016-06-23T13:44:46+08:00 ] 127.0.0.1 /UploadData.aspx
INFO: [ app_init ] --START--
INFO: Run Behavior\BuildLiteBehavior [ RunTime:0.000028s ]
INFO: Run Common\Behavior\InitHookBehavior [ RunTime:0.003887s ]
INFO: [ app_init ] --END-- [ RunTime:0.004554s ]
ERR: 无法加载模块:UploadData

[ 2016-06-23T13:44:46+08:00 ] 127.0.0.1 /UploadData.aspx
INFO: [ app_init ] --START--
INFO: Run Behavior\BuildLiteBehavior [ RunTime:0.000032s ]
INFO: Run Common\Behavior\InitHookBehavior [ RunTime:0.003258s ]
INFO: [ app_init ] --END-- [ RunTime:0.003937s ]
ERR: 无法加载模块:UploadData

[ 2016-06-23T15:31:27+08:00 ] ::1 /Public/Home/css/module.css
INFO: [ app_init ] --START--
INFO: Run Behavior\BuildLiteBehavior [ RunTime:0.000022s ]
INFO: Run Common\Behavior\InitHookBehavior [ RunTime:0.002747s ]
INFO: [ app_init ] --END-- [ RunTime:0.003268s ]
ERR: 无法加载模块:Public

