[ 2016-06-22T09:28:24+08:00 ] ::1 /admin.php?s=/Index/index.html
INFO: [ app_init ] --START--
INFO: Run Behavior\BuildLiteBehavior [ RunTime:0.000029s ]
INFO: Run Common\Behavior\InitHookBehavior [ RunTime:0.029769s ]
INFO: [ app_init ] --END-- [ RunTime:0.040026s ]
INFO: [ app_begin ] --START--
INFO: Run Behavior\ReadHtmlCacheBehavior [ RunTime:0.002628s ]
INFO: [ app_begin ] --END-- [ RunTime:0.002801s ]
INFO: [ view_parse ] --START--
INFO: [ template_filter ] --START--
INFO: Run Behavior\ContentReplaceBehavior [ RunTime:0.000197s ]
INFO: [ template_filter ] --END-- [ RunTime:0.000343s ]
INFO: [ AdminIndex ] --START--
INFO: [ view_parse ] --START--
INFO: [ template_filter ] --START--
INFO: Run Behavior\ContentReplaceBehavior [ RunTime:0.000073s ]
INFO: [ template_filter ] --END-- [ RunTime:-0.083770s ]
NOTIC: [8] Undefined variable: addons_config D:\webs\onethink\Runtime\Cache\Admin\ae476f652d860f02370368adb24bb099.php 第 1 行.
INFO: Run Behavior\ParseTemplateBehavior [ RunTime:0.004135s ]
INFO: [ view_parse ] --END-- [ RunTime:0.004264s ]
INFO: [ view_filter ] --START--
INFO: Run Behavior\WriteHtmlCacheBehavior [ RunTime:0.001076s ]
INFO: [ view_filter ] --END-- [ RunTime:0.001218s ]
INFO: Run Addons\demo\demoAddon [ RunTime:0.028945s ]
INFO: [ AdminIndex ] --END-- [ RunTime:0.029086s ]
INFO: Run Behavior\ParseTemplateBehavior [ RunTime:0.005859s ]
INFO: [ view_parse ] --END-- [ RunTime:0.004264s ]
INFO: [ view_filter ] --START--
INFO: Run Behavior\WriteHtmlCacheBehavior [ RunTime:0.000033s ]
INFO: [ view_filter ] --END-- [ RunTime:-0.000502s ]
INFO: [ app_end ] --START--
INFO: Run Behavior\ShowPageTraceBehavior [ RunTime:0.001194s ]
INFO: [ app_end ] --END-- [ RunTime:0.001330s ]

[ 2016-06-22T09:28:26+08:00 ] ::1 /admin.php?s=/Index/index.html
INFO: [ app_init ] --START--
INFO: Run Behavior\BuildLiteBehavior [ RunTime:0.000029s ]
INFO: Run Common\Behavior\InitHookBehavior [ RunTime:0.003741s ]
INFO: [ app_init ] --END-- [ RunTime:0.004286s ]
INFO: [ app_begin ] --START--
INFO: Run Behavior\ReadHtmlCacheBehavior [ RunTime:0.000734s ]
INFO: [ app_begin ] --END-- [ RunTime:0.000864s ]
INFO: [ view_parse ] --START--
INFO: [ template_filter ] --START--
INFO: Run Behavior\ContentReplaceBehavior [ RunTime:0.000164s ]
INFO: [ template_filter ] --END-- [ RunTime:0.000278s ]
INFO: [ AdminIndex ] --START--
INFO: [ view_parse ] --START--
INFO: [ template_filter ] --START--
INFO: Run Behavior\ContentReplaceBehavior [ RunTime:0.000068s ]
INFO: [ template_filter ] --END-- [ RunTime:-0.059495s ]
NOTIC: [8] Undefined variable: addons_config D:\webs\onethink\Runtime\Cache\Admin\ae476f652d860f02370368adb24bb099.php 第 1 行.
INFO: Run Behavior\ParseTemplateBehavior [ RunTime:0.002901s ]
INFO: [ view_parse ] --END-- [ RunTime:0.003031s ]
INFO: [ view_filter ] --START--
INFO: Run Behavior\WriteHtmlCacheBehavior [ RunTime:0.000580s ]
INFO: [ view_filter ] --END-- [ RunTime:0.000708s ]
INFO: Run Addons\demo\demoAddon [ RunTime:0.006145s ]
INFO: [ AdminIndex ] --END-- [ RunTime:0.006277s ]
INFO: Run Behavior\ParseTemplateBehavior [ RunTime:0.004104s ]
INFO: [ view_parse ] --END-- [ RunTime:0.003031s ]
INFO: [ view_filter ] --START--
INFO: Run Behavior\WriteHtmlCacheBehavior [ RunTime:0.000026s ]
INFO: [ view_filter ] --END-- [ RunTime:-0.000456s ]
INFO: [ app_end ] --START--
INFO: Run Behavior\ShowPageTraceBehavior [ RunTime:0.000784s ]
INFO: [ app_end ] --END-- [ RunTime:0.000890s ]

